about
after
alive
angle
arity
assoc
atime
atype
begin
blank
block
build
built
bytes
cache
cause
chain
chars
chmod
chomp
chown
chunk
class
clear
clone
close
color
count
cover
croph
cropw
cropx
cropy
crypt
ctime
curry
cwday
cweek
cycle
debug
delay
depth
domid
dummy
email
empty
enter
equal
errno
error
exact
exist
fatal
fcntl
fetch
fifth
files
final
first
flags
flash
flock
floor
flush
fsync
ftype
getgm
green
group
hours
human
iconv
index
ioctl
isdst
iseuc
isjis
isutf
italy
kconv
klass
label
level
light
limit
lines
ljust
lstat
macro
major
match
maxby
merge
minby
minor
mkdir
month
mtime
names
ndata
owned
owner
parse
parts
paths
phase
polar
power
precs
print
pubid
query
quote
raise
reset
ridir
rjust
rmdir
roles
rooms
round
scale
scrub
shift
short
since
sleep
slice
space
split
stale
start
store
strip
table
taint
third
times
toary
tober
tocsv
today
toeuc
toint
tojis
token
tonfc
tonfd
toset
tostr
tosym
touch
toutf
toxml
tring
trust
tvsec
union
until
utime
valid
value
weeks
write
years
yield
