handleasynchronously
handler
handlerforrescue
handleunverifiedrequest
harvest
harvesterrors
harvesttimeslicedata
has
hasattribute
hasbetterid
hasdefault
hasdefaultdynamic
hasdefaultthrough
haseasyconfigurators
hasfloatingtimezone
hash
hashforabsencesheetchannelpath
hashforabsencesheetchannelurl
hashforabsencesheetclasspath
hashforabsencesheetclassurl
hashforabsencesheetcpnvchannelpath
hashforabsencesheetcpnvchannelurl
hashforabsencesheetcpnvclasspath
hashforabsencesheetcpnvclassurl
hashforabsencesheetcpnvschoolpath
hashforabsencesheetcpnvschoolurl
hashforabsencesheetcpnvsectionpath
hashforabsencesheetcpnvsectionurl
hashforabsencesheetcpnvsitepath
hashforabsencesheetcpnvsiteurl
hashforabsencesheetcpnvwaypath
hashforabsencesheetcpnvwayurl
hashforabsencesheetschoolpath
hashforabsencesheetschoolurl
hashforabsencesheetsectionpath
hashforabsencesheetsectionurl
hashforabsencesheetsitepath
hashforabsencesheetsiteurl
hashforabsencesheetwaypath
hashforabsencesheetwayurl
hashforactivitiespath
hashforactivitiesurl
hashforactivitypath
hashforactivityurl
hashforagendascpnvclasspath
hashforagendascpnvclassurl
hashforagendascpnvcollaboratorpath
hashforagendascpnvcollaboratorurl
hashforagendascpnvcurrentstudentpath
hashforagendascpnvcurrentstudenturl
hashforagendascpnvroompath
hashforagendascpnvroomurl
hashforagendascpnvschoolclasspath
hashforagendascpnvschoolclassurl
hashforagendascpnvteacherpath
hashforagendascpnvteacherurl
hashforapiagendascpnvclasspath
hashforapiagendascpnvclassurl
hashforapiagendascpnvcollaboratorpath
hashforapiagendascpnvcollaboratorurl
hashforapiagendascpnvcurrentstudentpath
hashforapiagendascpnvcurrentstudenturl
hashforapiagendascpnvroompath
hashforapiagendascpnvroomurl
hashforapiagendascpnvschoolclasspath
hashforapiagendascpnvschoolclassurl
hashforapiagendascpnvteacherpath
hashforapiagendascpnvteacherurl
hashforapibookingscpnvcollaboratorpath
hashforapibookingscpnvcollaboratorurl
hashforapibookingscpnvequipmentpath
hashforapibookingscpnvequipmenturl
hashforapibookingscpnvroompath
hashforapibookingscpnvroomurl
hashforapicalendarsagendapath
hashforapicalendarsagendaurl
hashforapicalendarsbookingpath
hashforapicalendarsbookingsbookableresourcepath
hashforapicalendarsbookingsbookableresourceurl
hashforapicalendarsbookingspath
hashforapicalendarsbookingsurl
hashforapicalendarsbookingurl
hashforapicalendarseventpath
hashforapicalendarseventspath
hashforapicalendarseventsurl
hashforapicalendarseventurl
hashforapicalendarsschedulepath
hashforapicalendarsschedulespath
hashforapicalendarsschedulesurl
hashforapicalendarsscheduleurl
hashforapicpnvmomentpath
hashforapicpnvmomentspath
hashforapicpnvmomentsurl
hashforapicpnvmomenturl
hashforapieventscpnvclasspath
hashforapieventscpnvclassurl
hashforapieventscpnvcollaboratorpath
hashforapieventscpnvcollaboratorurl
hashforapieventscpnvcurrentstudentpath
hashforapieventscpnvcurrentstudenturl
hashforapieventscpnvschoolclasspath
hashforapieventscpnvschoolclassurl
hashforapieventscpnvteacherpath
hashforapieventscpnvteacherurl
hashforapischedulescpnvclasspath
hashforapischedulescpnvclassurl
hashforapischedulescpnvroompath
hashforapischedulescpnvroomurl
hashforapischedulescpnvschoolclasspath
hashforapischedulescpnvschoolclassurl
hashforapischedulescpnvteacherpath
hashforapischedulescpnvteacherurl
hashforappnotesclassactivityclassesmarkpath
hashforappnotesclassactivityclassesmarkspath
hashforappnotesclassactivityclassesmarksurl
hashforappnotesclassactivityclassesmarkurl
hashforappnotesstudentmarkpath
hashforappnotesstudentmarkspath
hashforappnotesstudentmarksurl
hashforappnotesstudentmarkurl
hashforarchivecontentpagepath
hashforarchivecontentpageurl
hashforautosendqualitysessionteacherrecappath
hashforautosendqualitysessionteacherrecapurl
hashforbookingscpnvcollaboratorpath
hashforbookingscpnvcollaboratorurl
hashforbookingscpnvequipmentpath
hashforbookingscpnvequipmenturl
hashforbookingscpnvroompath
hashforbookingscpnvroomurl
hashforbuildingpath
hashforbuildingspath
hashforbuildingsurl
hashforbuildingurl
hashforcalendarsagendapath
hashforcalendarsagendaurl
hashforcalendarsbookingpath
hashforcalendarsbookingsbookableresourcepath
hashforcalendarsbookingsbookableresourceurl
hashforcalendarsbookingspath
hashforcalendarsbookingsurl
hashforcalendarsbookingurl
hashforcalendarscalendarspath
hashforcalendarscalendarsurl
hashforcalendarseventpath
hashforcalendarseventspath
hashforcalendarseventsurl
hashforcalendarseventurl
hashforcalendarsschedulepath
hashforcalendarsschedulescalendarspath
hashforcalendarsschedulescalendarsurl
hashforcalendarsschedulespath
hashforcalendarsschedulesurl
hashforcalendarsscheduleurl
hashforchangelogpath
hashforchangelogspath
hashforchangelogsurl
hashforchangelogurl
hashforchannelpath
hashforchannelspath
hashforchannelsurl
hashforchannelurl
hashforclassespath
hashforclassesurl
hashforclasspath
hashforclassurl
hashforcollaboratorpath
hashforcollaboratorspath
hashforcollaboratorsurl
hashforcollaboratorurl
hashforcompilatiopath
hashforcompilatiourl
hashforcomweekpath
hashforcomweekspath
hashforcomweeksurl
hashforcomweekurl
hashforcontentarchivedpageattachmentpath
hashforcontentarchivedpageattachmentrevisionpath
hashforcontentarchivedpageattachmentrevisionurl
hashforcontentarchivedpageattachmenturl
hashforcontentarchivedpagepath
hashforcontentarchivedpagespath
hashforcontentarchivedpagesubpagepath
hashforcontentarchivedpagesubpagerevisionpath
hashforcontentarchivedpagesubpagerevisionspath
hashforcontentarchivedpagesubpagerevisionsurl
hashforcontentarchivedpagesubpagerevisionurl
hashforcontentarchivedpagesubpagespath
hashforcontentarchivedpagesubpagesurl
hashforcontentarchivedpagesubpageurl
hashforcontentarchivedpagesurl
hashforcontentarchivedpageurl
hashforcontentpageattachmentpath
hashforcontentpageattachmentrevisionpath
hashforcontentpageattachmentrevisionurl
hashforcontentpageattachmenturl
hashforcontentpagepath
hashforcontentpagespath
hashforcontentpagesubpagepath
hashforcontentpagesubpagerevisionpath
hashforcontentpagesubpagerevisionspath
hashforcontentpagesubpagerevisionsurl
hashforcontentpagesubpagerevisionurl
hashforcontentpagesubpagespath
hashforcontentpagesubpagesurl
hashforcontentpagesubpageurl
hashforcontentpagesurl
hashforcontentpageurl
hashforcoursesactivitiespath
hashforcoursesactivitiesurl
hashforcoursesactivitypath
hashforcoursesactivityurl
hashforcpnvbuildingpath
hashforcpnvbuildingspath
hashforcpnvbuildingsurl
hashforcpnvbuildingurl
hashforcpnvchannelpath
hashforcpnvchannelspath
hashforcpnvchannelsurl
hashforcpnvchannelurl
hashforcpnvclassclassfollowupspath
hashforcpnvclassclassfollowupsurl
hashforcpnvclassclassirregularitiespath
hashforcpnvclassclassirregularitiesurl
hashforcpnvclassclassirregularitypath
hashforcpnvclassclassirregularityurl
hashforcpnvclassculturalweekselectionspath
hashforcpnvclassculturalweekselectionsurl
hashforcpnvclassespath
hashforcpnvclassesurl
hashforcpnvclasspath
hashforcpnvclassurl
hashforcpnvcollaboratorpath
hashforcpnvcollaboratorspath
hashforcpnvcollaboratorsurl
hashforcpnvcollaboratorurl
hashforcpnvcurrentstudentpath
hashforcpnvcurrentstudentspath
hashforcpnvcurrentstudentstudentfollowupspath
hashforcpnvcurrentstudentstudentfollowupsummarypath
hashforcpnvcurrentstudentstudentfollowupsummaryurl
hashforcpnvcurrentstudentstudentfollowupsurl
hashforcpnvcurrentstudentsurl
hashforcpnvcurrentstudenturl
hashforcpnvdeanpath
hashforcpnvdeanspath
hashforcpnvdeansurl
hashforcpnvdeanurl
hashforcpnvequipmentpath
hashforcpnvequipmentspath
hashforcpnvequipmentsurl
hashforcpnvequipmenturl
hashforcpnvformerstudentpath
hashforcpnvformerstudentspath
hashforcpnvformerstudentsurl
hashforcpnvformerstudenturl
hashforcpnvgroupspath
hashforcpnvgroupsurl
hashforcpnvheadteacherpath
hashforcpnvheadteacherspath
hashforcpnvheadteachersurl
hashforcpnvheadteacherurl
hashforcpnvholidayspath
hashforcpnvholidaysurl
hashforcpnvmailinglistpath
hashforcpnvmailinglistspath
hashforcpnvmailinglistsurl
hashforcpnvmailinglisturl
hashforcpnvmomentpath
hashforcpnvmomentspath
hashforcpnvmomentsurl
hashforcpnvmomenturl
hashforcpnvpeoplepath
hashforcpnvpeopleurl
hashforcpnvpersonpath
hashforcpnvpersonurl
hashforcpnvphonenumberpath
hashforcpnvphonenumberspath
hashforcpnvphonenumbersurl
hashforcpnvphonenumberurl
hashforcpnvroompath
hashforcpnvroomspath
hashforcpnvroomsurl
hashforcpnvroomurl
hashforcpnvschoolpath
hashforcpnvschoolspath
hashforcpnvschoolsurl
hashforcpnvschoolurl
hashforcpnvsectionpath
hashforcpnvsectionspath
hashforcpnvsectionsurl
hashforcpnvsectionurl
hashforcpnvsitepath
hashforcpnvsitespath
hashforcpnvsitesurl
hashforcpnvsiteurl
hashforcpnvstudentpath
hashforcpnvstudentspath
hashforcpnvstudentsurl
hashforcpnvstudenturl
hashforcpnvteacherpath
hashforcpnvteacherspath
hashforcpnvteachersurl
hashforcpnvteacherurl
hashforcpnvwaypath
hashforcpnvwayspath
hashforcpnvwaysurl
hashforcpnvwayurl
hashforcreditspath
hashforcreditsurl
hashforcurrentstudentpath
hashforcurrentstudentspath
hashforcurrentstudentsurl
hashforcurrentstudenturl
hashfordeanpath
hashfordeanspath
hashfordeansurl
hashfordeanurl
hashfordevelopersinfopath
hashfordevelopersinfourl
hashfordeveloperskeyrequestformpath
hashfordeveloperskeyrequestformurl
hashfordeveloperskeyrequestpath
hashfordeveloperskeyrequesturl
hashfordeveloperspagepath
hashfordeveloperspageurl
hashfordiffcontentarchivedpagesubpagepath
hashfordiffcontentarchivedpagesubpageurl
hashfordiffcontentpagesubpagepath
hashfordiffcontentpagesubpageurl
hashfordiffwikipagepath
hashfordiffwikipageurl
hashfordispensationpath
hashfordispensationurl
hashfordocumentsdocumentpath
hashfordocumentsdocumentrevisionpath
hashfordocumentsdocumentrevisionspath
hashfordocumentsdocumentrevisionsurl
hashfordocumentsdocumentrevisionurl
hashfordocumentsdocumentspath
hashfordocumentsdocumentsurl
hashfordocumentsdocumenturl
hashfordocumentsguardeddocpath
hashfordocumentsguardeddocurl
hashfordocumentspublicdocpath
hashfordocumentspublicdocurl
hashforeacademyconnectpath
hashforeacademyconnecturl
hashforeacademyloginpath
hashforeacademyloginurl
hashforeditapicalendarsbookingpath
hashforeditapicalendarsbookingurl
hashforeditapicalendarseventpath
hashforeditapicalendarseventurl
hashforeditapicalendarsschedulepath
hashforeditapicalendarsscheduleurl
hashforeditapicpnvmomentpath
hashforeditapicpnvmomenturl
hashforeditappnotesclassactivityclassesmarkpath
hashforeditappnotesclassactivityclassesmarkurl
hashforeditappnotesstudentmarkpath
hashforeditappnotesstudentmarkurl
hashforeditcalendarsbookingpath
hashforeditcalendarsbookingurl
hashforeditcalendarseventpath
hashforeditcalendarseventurl
hashforeditcalendarsschedulepath
hashforeditcalendarsscheduleurl
hashforeditclasspath
hashforeditclassurl
hashforeditcollaboratorpath
hashforeditcollaboratorurl
hashforeditcontentarchivedpagesubpagepath
hashforeditcontentarchivedpagesubpageurl
hashforeditcontentpagepath
hashforeditcontentpagesubpagepath
hashforeditcontentpagesubpageurl
hashforeditcontentpageurl
hashforeditcpnvclasspath
hashforeditcpnvclassurl
hashforeditcpnvcollaboratorpath
hashforeditcpnvcollaboratorurl
hashforeditcpnvcurrentstudentpath
hashforeditcpnvcurrentstudentstudentfollowupsummarypath
hashforeditcpnvcurrentstudentstudentfollowupsummaryurl
hashforeditcpnvcurrentstudenturl
hashforeditcpnvdeanpath
hashforeditcpnvdeanurl
hashforeditcpnvequipmentpath
hashforeditcpnvequipmenturl
hashforeditcpnvformerstudentpath
hashforeditcpnvformerstudenturl
hashforeditcpnvheadteacherpath
hashforeditcpnvheadteacherurl
hashforeditcpnvmomentpath
hashforeditcpnvmomenturl
hashforeditcpnvpersonpath
hashforeditcpnvpersonurl
hashforeditcpnvphonenumberpath
hashforeditcpnvphonenumberurl
hashforeditcpnvstudentpath
hashforeditcpnvstudenturl
hashforeditcpnvteacherpath
hashforeditcpnvteacherurl
hashforeditcurrentpasswordspath
hashforeditcurrentpasswordsurl
hashforeditcurrentstudentpath
hashforeditcurrentstudenturl
hashforeditdeanpath
hashforeditdeanurl
hashforeditdocumentsdocumentpath
hashforeditdocumentsdocumenturl
hashforediteisrbacroleassignmentpath
hashforediteisrbacroleassignmenturl
hashforediteisrbacrolepath
hashforediteisrbacrolepermissionpath
hashforediteisrbacrolepermissionurl
hashforediteisrbacroleurl
hashforeditequipmentpath
hashforeditequipmenturl
hashforeditformerstudentpath
hashforeditformerstudenturl
hashforeditheadteacherpath
hashforeditheadteacherurl
hashforeditintranetmetachartpath
hashforeditintranetmetacharturl
hashforeditpasswordpath
hashforeditpasswordurl
hashforeditpersonpath
hashforeditpersonurl
hashforeditphonenumberpath
hashforeditphonenumberurl
hashforeditprefspath
hashforeditprefsurl
hashforeditsoftwaressoftwarepath
hashforeditsoftwaressoftwareurl
hashforeditstudentfollowuppath
hashforeditstudentfollowupurl
hashforeditstudentpath
hashforeditstudenturl
hashforeditteacherpath
hashforeditteacherurl
hashforedituseraccountpath
hashforedituseraccounturl
hashforedituserpath
hashforedituserurl
hashforeditwikipagepath
hashforeditwikipageurl
hashforeisrbacpermissionspath
hashforeisrbacpermissionsurl
hashforeisrbacresourcespath
hashforeisrbacresourcesurl
hashforeisrbacroleassignmentpath
hashforeisrbacroleassignmentspath
hashforeisrbacroleassignmentsurl
hashforeisrbacroleassignmenturl
hashforeisrbacrolepath
hashforeisrbacrolepermissionpath
hashforeisrbacrolepermissionspath
hashforeisrbacrolepermissionsurl
hashforeisrbacrolepermissionurl
hashforeisrbacrolespath
hashforeisrbacrolesurl
hashforeisrbacroleurl
hashforelfinderwikipagepath
hashforelfinderwikipageurl
hashforequipmentpath
hashforequipmentspath
hashforequipmentsurl
hashforequipmenturl
hashforeventscpnvclasspath
hashforeventscpnvclassurl
hashforeventscpnvcollaboratorpath
hashforeventscpnvcollaboratorurl
hashforeventscpnvcurrentstudentpath
hashforeventscpnvcurrentstudenturl
hashforeventscpnvschoolclasspath
hashforeventscpnvschoolclassurl
hashforeventscpnvteacherpath
hashforeventscpnvteacherurl
hashforfacesclasspath
hashforfacesclassurl
hashforfacescpnvclassclassirregularitiespath
hashforfacescpnvclassclassirregularitiesurl
hashforfacescpnvclasspath
hashforfacescpnvclassurl
hashforfakeloginpath
hashforfakeloginurl
hashforformerstudentpath
hashforformerstudentspath
hashforformerstudentsurl
hashforformerstudenturl
hashforfortigateauthpath
hashforfortigateauthurl
hashforfreebusycalendarsbookingscalendarspath
hashforfreebusycalendarsbookingscalendarsurl
hashforgroupspath
hashforgroupsurl
hashforheadteacherpath
hashforheadteacherspath
hashforheadteachersurl
hashforheadteacherurl
hashforholidaypath
hashforholidayspath
hashforholidaysurl
hashforholidayurl
hashforimpersonateuserpath
hashforimpersonateuserurl
hashforinternetlocklockpath
hashforinternetlocklockspath
hashforinternetlocklocksurl
hashforinternetlocklockurl
hashforinternetlockstatuscpnvclasspath
hashforinternetlockstatuscpnvclassurl
hashforinternetlockstatuscpnvroompath
hashforinternetlockstatuscpnvroomurl
hashforinternetlockstatusinternetlocklockpath
hashforinternetlockstatusinternetlocklockurl
hashforintranetmetachartpath
hashforintranetmetachartspath
hashforintranetmetachartsurl
hashforintranetmetacharturl
hashforlockwikipagepath
hashforlockwikipageurl
hashforloginpath
hashforloginurl
hashforlogoutpath
hashforlogouturl
hashformailinglistpath
hashformailinglistspath
hashformailinglistsurl
hashformailinglisturl
hashformainpath
hashformainurl
hashformapclasspath
hashformapclassurl
hashformapcpnvclasspath
hashformapcpnvclassurl
hashformembersurlscalendarsbookingscalendarspath
hashformembersurlscalendarsbookingscalendarsurl
hashformembersurlscalendarseventscalendarspath
hashformembersurlscalendarseventscalendarsurl
hashformenuitemsintranetmetachartspath
hashformenuitemsintranetmetachartsurl
hashformessagingchangepath
hashformessagingchangespath
hashformessagingchangesurl
hashformessagingchangeurl
hashformetauserspath
hashformetausersurl
hashformomentpath
hashformomentspath
hashformomentsurl
hashformomenturl
hashformsdnaaconnectpath
hashformsdnaaconnecturl
hashformsdnaaloginpath
hashformsdnaaloginurl
hashfornarrowcpnvpeoplepath
hashfornarrowcpnvpeopleurl
hashfornarrowpeoplepath
hashfornarrowpeopleurl
hashfornewapicalendarsbookingpath
hashfornewapicalendarsbookingurl
hashfornewapicalendarseventpath
hashfornewapicalendarseventurl
hashfornewapicpnvmomentpath
hashfornewapicpnvmomenturl
hashfornewappnotesclassactivityclassesmarkpath
hashfornewappnotesclassactivityclassesmarkurl
hashfornewappnotesstudentmarkpath
hashfornewappnotesstudentmarkurl
hashfornewcalendarsbookingpath
hashfornewcalendarsbookingurl
hashfornewcalendarseventpath
hashfornewcalendarseventurl
hashfornewcalendarsschedulescalendarpath
hashfornewcalendarsschedulescalendarurl
hashfornewcontentarchivedpagepath
hashfornewcontentarchivedpagesubpagepath
hashfornewcontentarchivedpagesubpageurl
hashfornewcontentarchivedpageurl
hashfornewcontentpagepath
hashfornewcontentpagesubpagepath
hashfornewcontentpagesubpageurl
hashfornewcontentpageurl
hashfornewcpnvcurrentstudentstudentfollowuppath
hashfornewcpnvcurrentstudentstudentfollowupurl
hashfornewcpnvequipmentpath
hashfornewcpnvequipmenturl
hashfornewcpnvmomentpath
hashfornewcpnvmomenturl
hashfornewcpnvphonenumberpath
hashfornewcpnvphonenumberurl
hashfornewdocumentsdocumentpath
hashfornewdocumentsdocumenturl
hashforneweisrbacroleassignmentpath
hashforneweisrbacroleassignmenturl
hashforneweisrbacrolepath
hashforneweisrbacrolepermissionpath
hashforneweisrbacrolepermissionurl
hashforneweisrbacroleurl
hashfornewequipmentpath
hashfornewequipmenturl
hashfornewintranetmetachartpath
hashfornewintranetmetacharturl
hashfornewpasswordpath
hashfornewpasswordurl
hashfornewphonenumberpath
hashfornewphonenumberurl
hashfornewsoftwaressoftwarepath
hashfornewsoftwaressoftwareurl
hashfornewuseraccountpath
hashfornewuseraccounturl
hashfornewwikipagepath
hashfornewwikipageurl
hashfornotifieescalendarsbookingscalendarpath
hashfornotifieescalendarsbookingscalendarurl
hashforpasswordpath
hashforpasswordspath
hashforpasswordsurl
hashforpasswordurl
hashforpeoplepath
hashforpeopleurl
hashforpersonpath
hashforpersonurl
hashforphonenumberpath
hashforphonenumberspath
hashforphonenumbersurl
hashforphonenumberurl
hashforpollssurveypath
hashforpollssurveyurl
hashforprefspath
hashforprefsurl
hashforpromotecpnvcurrentstudentspath
hashforpromotecpnvcurrentstudentsurl
hashforpromotecurrentstudentspath
hashforpromotecurrentstudentsurl
hashforpublishcontentpagepath
hashforpublishcontentpageurl
hashforqualityrecappath
hashforqualityrecapspath
hashforqualityrecapsurl
hashforqualityrecapurl
hashforqualitysessionpath
hashforqualitysessionspath
hashforqualitysessionsurl
hashforqualitysessionteacherrecappath
hashforqualitysessionteacherrecapspath
hashforqualitysessionteacherrecapsurl
hashforqualitysessionteacherrecapurl
hashforqualitysessionurl
hashforqualitystudentreportpath
hashforqualitystudentreporturl
hashforqualityteacherreportspath
hashforqualityteacherreportsurl
hashforquarterpath
hashforquarterspath
hashforquartersurl
hashforquarterurl
hashforrecapcpnvclassclassirregularitiespath
hashforrecapcpnvclassclassirregularitiesurl
hashforroompath
hashforroomspath
hashforroomsurl
hashforroomurl
hashforrootpath
hashforrooturl
hashforschedulescpnvclasspath
hashforschedulescpnvclassurl
hashforschedulescpnvroompath
hashforschedulescpnvroomurl
hashforschedulescpnvschoolclasspath
hashforschedulescpnvschoolclassurl
hashforschedulescpnvteacherpath
hashforschedulescpnvteacherurl
hashforschoolpath
hashforschoolspath
hashforschoolsurl
hashforschoolurl
hashforscreenwidthpath
hashforscreenwidthurl
hashforsearchpath
hashforsearchurl
hashforsectionpath
hashforsectionspath
hashforsectionsurl
hashforsectionurl
hashforsemesterpath
hashforsemesterspath
hashforsemestersurl
hashforsemesterurl
hashforserviceapppath
hashforserviceappspath
hashforserviceappsurl
hashforserviceappurl
hashforsidebarfavoritelinkpath
hashforsidebarfavoritelinkspath
hashforsidebarfavoritelinksurl
hashforsidebarfavoritelinkurl
hashforsidebarpath
hashforsidebarurl
hashforsitepath
hashforsitespath
hashforsitesurl
hashforsiteurl
hashforsoftwaressoftwarepath
hashforsoftwaressoftwarespath
hashforsoftwaressoftwaresurl
hashforsoftwaressoftwareurl
hashforsortedchannelspath
hashforsortedchannelsurl
hashforsortedclassespath
hashforsortedclassesurl
hashforsortedcollaboratorspath
hashforsortedcollaboratorsurl
hashforsortedcpnvchannelspath
hashforsortedcpnvchannelsurl
hashforsortedcpnvclassespath
hashforsortedcpnvclassesurl
hashforsortedcpnvcollaboratorspath
hashforsortedcpnvcollaboratorsurl
hashforsortedcpnvcurrentstudentspath
hashforsortedcpnvcurrentstudentsurl
hashforsortedcpnvdeanspath
hashforsortedcpnvdeansurl
hashforsortedcpnvformerstudentspath
hashforsortedcpnvformerstudentsurl
hashforsortedcpnvheadteacherspath
hashforsortedcpnvheadteachersurl
hashforsortedcpnvschoolspath
hashforsortedcpnvschoolsurl
hashforsortedcpnvsectionspath
hashforsortedcpnvsectionsurl
hashforsortedcpnvstudentspath
hashforsortedcpnvstudentsurl
hashforsortedcpnvteacherspath
hashforsortedcpnvteachersurl
hashforsortedcpnvwayspath
hashforsortedcpnvwaysurl
hashforsortedcurrentstudentspath
hashforsortedcurrentstudentsurl
hashforsorteddeanspath
hashforsorteddeansurl
hashforsortedformerstudentspath
hashforsortedformerstudentsurl
hashforsortedheadteacherspath
hashforsortedheadteachersurl
hashforsortedschoolspath
hashforsortedschoolsurl
hashforsortedsectionspath
hashforsortedsectionsurl
hashforsortedstudentspath
hashforsortedstudentsurl
hashforsortedteacherspath
hashforsortedteachersurl
hashforsortedwayspath
hashforsortedwaysurl
hashforstatecalendarsschedulescalendarpath
hashforstatecalendarsschedulescalendarurl
hashforstudentdispensationspath
hashforstudentdispensationsurl
hashforstudentfollowuppath
hashforstudentfollowupurl
hashforstudentirregularitypath
hashforstudentirregularityurl
hashforstudentpath
hashforstudentspath
hashforstudentstudentirregularitiespath
hashforstudentstudentirregularitiesurl
hashforstudentsurl
hashforstudenturl
hashforteacherpath
hashforteacherspath
hashforteachersurl
hashforteacherurl
hashfortoggleinternetlockcpnvclasspath
hashfortoggleinternetlockcpnvclassurl
hashfortoggleinternetlockcpnvroompath
hashfortoggleinternetlockcpnvroomurl
hashfortoggleinternetlockinternetlocklockpath
hashfortoggleinternetlockinternetlocklockurl
hashforunarchivecontentarchivedpagepath
hashforunarchivecontentarchivedpageurl
hashforuncookedactivitypath
hashforuncookedactivityurl
hashforunimpersonateuserspath
hashforunimpersonateusersurl
hashforupdatecurrentpasswordspath
hashforupdatecurrentpasswordsurl
hashforuseraccountpath
hashforuseraccountspath
hashforuseraccountsurl
hashforuseraccounturl
hashforuserpath
hashforuserpermissionpath
hashforuserpermissionspath
hashforuserpermissionsurl
hashforuserpermissionurl
hashforuserspath
hashforusersurl
hashforuserurl
hashforwaypath
hashforwayspath
hashforwaysurl
hashforwayurl
hashforwikipageattachmentpath
hashforwikipageattachmentrevisionpath
hashforwikipageattachmentrevisionurl
hashforwikipageattachmenturl
hashforwikipagepath
hashforwikipagerevisionpath
hashforwikipagerevisionspath
hashforwikipagerevisionsurl
hashforwikipagerevisionurl
hashforwikipagespath
hashforwikipagesurl
hashforwikipageurl
hashforyearpath
hashforyearspath
hashforyearsurl
hashforyearurl
haskey
hasmanydependentdestroyforabsencesprefs
hasmanydependentdestroyforcalendarsprefs
hasmanydependentdestroyforclasscompositions
hasmanydependentdestroyforcontentprefs
hasmanydependentdestroyforentitychildren
hasmanydependentdestroyforentityparents
hasmanydependentdestroyforintranetprefs
hasmanydependentdestroyforlinksprefs
hasmanydependentdestroyformetaprefs
hasmanydependentdestroyforphonenumbers
hasonedependentdestroyforclassmap
haspermission
haspermissionwithmemoization
haspermissionwithoutmemoization
haspostprocess
haspreprocess
hasrdoc
hastestsuite
hastypecheck
hasunittests
hasvalidate
hasvalue
